<?xml version="1.0" encoding="UTF-8"?>
<beans xmlns="http://www.springframework.org/schema/beans"
	xmlns:xsi="http://www.w3.org/2001/XMLSchema-instance"
	xmlns:tx="http://www.springframework.org/schema/tx"
	xmlns:context="http://www.springframework.org/schema/context"
	xmlns:aop="http://www.springframework.org/schema/aop"
	xmlns:mvc="http://www.springframework.org/schema/mvc"
	xmlns:task="http://www.springframework.org/schema/task"
	xsi:schemaLocation="
		http://www.springframework.org/schema/beans 
		http://www.springframework.org/schema/beans/spring-beans.xsd 
		http://www.springframework.org/schema/tx 
		http://www.springframework.org/schema/tx/spring-tx.xsd 
		http://www.springframework.org/schema/context 
		http://www.springframework.org/schema/context/spring-context.xsd
		http://www.springframework.org/schema/aop
		http://www.springframework.org/schema/aop/spring-aop.xsd
		http://www.springframework.org/schema/task 
		http://www.springframework.org/schema/task/spring-task.xsd"
	default-lazy-init="false">
	
    <aop:aspectj-autoproxy proxy-target-class="true" /> 

	<bean id="propertyConfigurer"
		class="com.dooioo.util.AppPropertyConfigurer">
		<property name="locations">
			<list>
 				<value>classpath:config/db/jdbc.properties</value>
				<value>classpath:config/db/jdbc.read.properties</value>
				<value>classpath:global.properties</value>
				<value>classpath:common.properties</value>
			</list>
		</property>
		<property name="ignoreUnresolvablePlaceholders" value="true" />
	</bean>


	<!-- 扫描的包路径,去掉mvc的controller注解-->
	<context:component-scan base-package="com.dooioo">
		<context:exclude-filter type="annotation" expression="org.springframework.stereotype.Controller"/>
		<context:exclude-filter type="annotation" expression="org.springframework.web.servlet.config.annotation.EnableWebMvc"/>
<!-- 		<context:exclude-filter type="annotation" expression="org.springframework.context.annotation.Configuration"/> -->
	</context:component-scan>
	
	<task:executor id="executor" pool-size="30" keep-alive="300" queue-capacity="500"/>
    <task:scheduler id="scheduler" pool-size="30"/>
    <task:annotation-driven executor="executor" scheduler="scheduler"/>
    
</beans>