<?xml version="1.0" encoding="UTF-8"?>
<beans xmlns="http://www.springframework.org/schema/beans"
	xmlns:xsi="http://www.w3.org/2001/XMLSchema-instance" xmlns:aop="http://www.springframework.org/schema/aop"
	xmlns:tx="http://www.springframework.org/schema/tx" xmlns:jdbc="http://www.springframework.org/schema/jdbc"
	xmlns:context="http://www.springframework.org/schema/context"
	xsi:schemaLocation="
     http://www.springframework.org/schema/context http://www.springframework.org/schema/context/spring-context.xsd
     http://www.springframework.org/schema/beans http://www.springframework.org/schema/beans/spring-beans.xsd
     http://www.springframework.org/schema/jdbc http://www.springframework.org/schema/jdbc/spring-jdbc.xsd
     http://www.springframework.org/schema/tx http://www.springframework.org/schema/tx/spring-tx.xsd
     http://www.springframework.org/schema/aop http://www.springframework.org/schema/aop/spring-aop.xsd"
	default-autowire="byName" default-lazy-init="false">

	<!--组织架构的依赖-->
    <import resource="classpath:plusOMSContext.xml"/>
    <import resource="classpath:plus/spring-dyframework.xml"/>	 
	<import resource="classpath:plus/spring-dylog4j.xml"/> 
	
	<import resource="test-applicationContext-comm.xml"/>
	<import resource="applicationContext-datasource.xml"/>
	<import resource="applicationContext-tx.xml"/>
	<import resource="applicationContext-mybatis.xml"/>
	
	<bean
        class="com.lianjia.sh.se.login.spi.adapt.bootstrap.LoginContextBootstrap">
        <property name="env" value="${env}"></property>
    </bean>
    
    <!--  图片服务器 使用到的类 start-->
	<bean id="fsHik" class="org.springframework.remoting.httpinvoker.HttpInvokerProxyFactoryBean">
		<!-- 远程服务的url -->
		<property name="serviceUrl" value="${${env}.fsHik.url}" />
		<!-- 远程服务所实现的接口 -->
		<property name="serviceInterface" value="com.dooioo.fs.facade.IFsFacade" />
	</bean>
	<!--  图片服务器 使用到的类  end -->

</beans>